<?xml version="1.0" encoding="UTF-8"?>
<!-- Generated by org.testng.reporters.JUnitReportReporter -->
<testsuite skipped="0" hostname="DHDWIVED-LAP" name="scripts.LoginThroughInvaliddata" tests="1" failures="0" timestamp="05 Dec 2017 19:01:47 GMT" time="31.857" errors="0">
  <testcase name="testInvalidlogin" time="31.857" classname="scripts.LoginThroughInvaliddata"/>
</testsuite> <!-- scripts.LoginThroughInvaliddata -->
