<?xml version="1.0" encoding="UTF-8"?>
<!-- Generated by org.testng.reporters.JUnitReportReporter -->
<testsuite skipped="0" hostname="DHDWIVED-LAP" name="scripts.Login" tests="1" failures="0" timestamp="09 Dec 2017 08:29:14 GMT" time="21.030" errors="0">
  <testcase name="testLogin" time="21.030" classname="scripts.Login"/>
</testsuite> <!-- scripts.Login -->
