<?xml version="1.0" encoding="UTF-8"?>
<!-- Generated by org.testng.reporters.JUnitReportReporter -->
<testsuite skipped="0" hostname="DHDWIVED-LAP" name="scripts.LoginThroughInvaliddata" tests="1" failures="0" timestamp="09 Dec 2017 08:29:14 GMT" time="26.134" errors="0">
  <testcase name="testInvalidlogin" time="26.134" classname="scripts.LoginThroughInvaliddata"/>
</testsuite> <!-- scripts.LoginThroughInvaliddata -->
